{
  "timestamp": "2025-09-07T15:16:46.591117",
  "scenario": "classical_only_server",
  "attack": "none",
  "handshake": {
    "selected_kem": "X25519",
    "selected_sig": "ecdsa_secp256r1_sha256",
    "alerts": [],
    "transcript": "[=] client: ClientHello kem=['KYBER768', 'KYBER1024', 'X25519'], sigs=['falcon-512', 'dilithium3', 'ecdsa_secp256r1_sha256']\n[=] server: ServerHello selects kem=X25519, sig=ecdsa_secp256r1_sha256\n[=] report: TLS Version: TLS1.3, PQ: Classical Only",
    "success": true
  },
  "config": {
    "client": {
      "supported_groups": [
        "KYBER768",
        "KYBER1024",
        "X25519"
      ],
      "signature_algorithms": [
        "falcon-512",
        "dilithium3",
        "ecdsa_secp256r1_sha256"
      ],
      "require_pq": true,
      "require_hybrid": false
    },
    "server": {
      "supported_groups": [
        "X25519"
      ],
      "signature_algorithms": [
        "ecdsa_secp256r1_sha256"
      ],
      "require_pq": false,
      "require_hybrid": false
    }
  }
}