{
  "timestamp": "2025-09-07T15:16:47.375233",
  "scenario": "cve_2020_0601",
  "attack": "strip_pq_sigs",
  "handshake": {
    "selected_kem": "secp256r1",
    "selected_sig": "ecdsa_secp256r1_sha256",
    "alerts": [
      "Negotiation context mismatch."
    ],
    "transcript": "[=] client: ClientHello kem=['KYBER1024', 'KYBER768', 'secp256r1'], sigs=['falcon-512', 'dilithium3', 'ecdsa_secp256r1_sha256']\n[!] network: ClientHello modified by MITM\n[=] server: ServerHello selects kem=secp256r1, sig=ecdsa_secp256r1_sha256\n[!] detector: Negotiation context mismatch.\n[=] report: TLS Version: TLS1.3, PQ: Classical Only",
    "success": true
  },
  "config": {
    "client": {
      "supported_groups": [
        "KYBER1024",
        "KYBER768",
        "x25519",
        "secp256r1"
      ],
      "signature_algorithms": [
        "falcon-512",
        "dilithium3",
        "ecdsa_secp256r1_sha256"
      ],
      "require_pq": true,
      "require_hybrid": true
    },
    "server": {
      "supported_groups": [
        "x25519",
        "secp256r1"
      ],
      "signature_algorithms": [
        "ecdsa_secp256r1_sha256"
      ],
      "require_pq": false,
      "require_hybrid": false
    }
  }
}