{
  "timestamp": "2025-09-07T15:16:47.076067",
  "scenario": "cve_2025_9903",
  "attack": "strip_hybrid_only",
  "handshake": {
    "selected_kem": "KYBER1024",
    "selected_sig": "falcon-1024",
    "alerts": [],
    "transcript": "[=] client: ClientHello kem=['KYBER1024', 'KYBER768'], sigs=['falcon-1024']\n[!] network: ClientHello modified by MITM\n[=] server: ServerHello selects kem=KYBER1024, sig=falcon-1024\n[=] report: TLS Version: TLS1.3, PQ: PQ KEM, PQ Signature",
    "success": true
  },
  "config": {
    "client": {
      "supported_groups": [
        "KYBER1024",
        "KYBER768",
        "x25519"
      ],
      "signature_algorithms": [
        "dilithium5",
        "falcon-1024",
        "ecdsa_secp384r1_sha384"
      ],
      "require_pq": true,
      "require_hybrid": true
    },
    "server": {
      "supported_groups": [
        "KYBER1024",
        "KYBER768",
        "x25519"
      ],
      "signature_algorithms": [
        "dilithium5",
        "falcon-1024",
        "ecdsa_secp384r1_sha384"
      ],
      "require_pq": true,
      "require_hybrid": true
    }
  }
}