{
  "timestamp": "2025-09-07T11:03:15.650843",
  "scenario": "cve_2016_2107",
  "attack": "strip_pq_groups",
  "handshake": {
    "selected_kem": "none",
    "selected_sig": "none",
    "alerts": [
      "Possible downgrade: PQ supported but classical negotiated.",
      "Negotiation context mismatch."
    ],
    "transcript": "[=] client: ClientHello kem=['KYBER1024', 'KYBER768'], sigs=['falcon-1024']\n[!] network: ClientHello modified by MITM\n[x] server: No mutual KEM/SIG\n[!] detector: Possible downgrade: PQ supported but classical negotiated.\n[!] detector: Negotiation context mismatch.\n[=] report: TLS Version: TLS1.3, PQ: Classical Only",
    "success": true
  },
  "config": {
    "client": {
      "supported_groups": [
        "KYBER1024",
        "KYBER768",
        "x25519"
      ],
      "signature_algorithms": [
        "dilithium5",
        "falcon-1024",
        "ecdsa_secp384r1_sha384"
      ],
      "require_pq": true,
      "require_hybrid": true
    },
    "server": {
      "supported_groups": [
        "KYBER1024",
        "KYBER768",
        "x25519"
      ],
      "signature_algorithms": [
        "dilithium5",
        "falcon-1024",
        "ecdsa_secp384r1_sha384"
      ],
      "require_pq": true,
      "require_hybrid": true
    }
  }
}