{
  "timestamp": "2025-09-07T09:26:49.491603",
  "scenario": "heartbleed",
  "attack": "none",
  "handshake": {
    "selected_kem": "X25519",
    "selected_sig": "ecdsa_secp256r1_sha256",
    "alerts": [],
    "transcript": "[=] client: ClientHello kem=['X25519'], sigs=['ecdsa_secp256r1_sha256']\n[=] server: ServerHello selects kem=X25519, sig=ecdsa_secp256r1_sha256\n[=] report: TLS Version: TLS1.3, PQ: Classical Only",
    "success": true
  },
  "config": {
    "client": {
      "supported_groups": [
        "X25519"
      ],
      "signature_algorithms": [
        "ecdsa_secp256r1_sha256"
      ],
      "require_pq": false,
      "require_hybrid": false
    },
    "server": {
      "supported_groups": [
        "X25519"
      ],
      "signature_algorithms": [
        "ecdsa_secp256r1_sha256"
      ],
      "require_pq": false,
      "require_hybrid": false
    }
  }
}