{
  "timestamp": "2025-09-07T15:16:46.759183",
  "scenario": "pq_both",
  "attack": "none",
  "handshake": {
    "selected_kem": "KYBER1024",
    "selected_sig": "falcon-1024",
    "alerts": [],
    "transcript": "[=] client: ClientHello kem=['KYBER1024', 'KYBER768', 'X25519'], sigs=['falcon-1024']\n[=] server: ServerHello selects kem=KYBER1024, sig=falcon-1024\n[=] report: TLS Version: TLS1.3, PQ: PQ KEM, PQ Signature",
    "success": true
  },
  "config": {
    "client": {
      "supported_groups": [
        "KYBER1024",
        "KYBER768",
        "X25519"
      ],
      "signature_algorithms": [
        "dilithium5",
        "falcon-1024",
        "ecdsa_secp384r1_sha384"
      ],
      "require_pq": true,
      "require_hybrid": false
    },
    "server": {
      "supported_groups": [
        "KYBER1024",
        "KYBER768",
        "X25519"
      ],
      "signature_algorithms": [
        "dilithium5",
        "falcon-1024",
        "ecdsa_secp384r1_sha384"
      ],
      "require_pq": true,
      "require_hybrid": false
    }
  }
}